<?xml version="1.0" encoding="UTF-8"?>
<!-- Generated by org.testng.reporters.JUnitReportReporter -->
<testsuite hostname="WIN7ULTI32BIT" name="RunTest.MavenRun.InheritanceOne" tests="1" failures="0" timestamp="9 Jan 2017 08:10:05 GMT" time="6.998" errors="0">
  <testcase name="m1" time="6.998" classname="RunTest.MavenRun.InheritanceOne"/>
</testsuite> <!-- RunTest.MavenRun.InheritanceOne -->
